  File "C:\Users\Marcin\Agat_IT\gotowe_moduly\onyks_owl\owl\module_base.py", line 83, in runOnce
    self.task_process(task_data, input_stream)
  File "C:\Users\Marcin\Agat_IT\gotowe_moduly\onyks_owl\owl\module_source_dshow.py", line 27, in task_process
    with self.task_emit({}) as output_stream:
  File "C:\Users\Marcin\Agat_IT\gotowe_moduly\onyks_owl\owl\module_base.py", line 72, in task_emit
    output_stream = self.task_producer.emit(output_task_data)
  File "C:\Users\Marcin\Agat_IT\gotowe_moduly\onyks_owl\owl\task.py", line 52, in emit
    self.redis.rpush(f"owl:task_queue:{self.task_queue}", json.dumps(task))
  File "c:\users\marcin\appdata\local\programs\python\python39\lib\site-packages\redis\client.py", line 2016, in rpush
    return self.execute_command('RPUSH', name, *values)
  File "c:\users\marcin\appdata\local\programs\python\python39\lib\site-packages\redis\client.py", line 901, in execute_command
    return self.parse_response(conn, command_name, **options)
  File "c:\users\marcin\appdata\local\programs\python\python39\lib\site-packages\redis\client.py", line 915, in parse_response
    response = connection.read_response()
  File "c:\users\marcin\appdata\local\programs\python\python39\lib\site-packages\redis\connection.py", line 756, in read_response
    raise response
  File "C:\Users\Marcin\Agat_IT\gotowe_moduly\onyks_owl\owl\module_base.py", line 83, in runOnce
    self.task_process(task_data, input_stream)
  File "C:\Users\Marcin\Agat_IT\gotowe_moduly\onyks_owl\owl\module_source_dshow.py", line 27, in task_process
    with self.task_emit({}) as output_stream:
  File "C:\Users\Marcin\Agat_IT\gotowe_moduly\onyks_owl\owl\module_base.py", line 72, in task_emit
    output_stream = self.task_producer.emit(output_task_data)
  File "C:\Users\Marcin\Agat_IT\gotowe_moduly\onyks_owl\owl\task.py", line 52, in emit
    self.redis.rpush(f"owl:task_queue:{self.task_queue}", json.dumps(task))
  File "c:\users\marcin\appdata\local\programs\python\python39\lib\site-packages\redis\client.py", line 2016, in rpush
    return self.execute_command('RPUSH', name, *values)
  File "c:\users\marcin\appdata\local\programs\python\python39\lib\site-packages\redis\client.py", line 901, in execute_command
    return self.parse_response(conn, command_name, **options)
  File "c:\users\marcin\appdata\local\programs\python\python39\lib\site-packages\redis\client.py", line 915, in parse_response
    response = connection.read_response()
  File "c:\users\marcin\appdata\local\programs\python\python39\lib\site-packages\redis\connection.py", line 756, in read_response
    raise response
  File "C:\Users\Marcin\Agat_IT\gotowe_moduly\onyks_owl\owl\module_base.py", line 83, in runOnce
    self.task_process(task_data, input_stream)
  File "C:\Users\Marcin\Agat_IT\gotowe_moduly\onyks_owl\owl\module_source_dshow.py", line 27, in task_process
    with self.task_emit({}) as output_stream:
  File "C:\Users\Marcin\Agat_IT\gotowe_moduly\onyks_owl\owl\module_base.py", line 72, in task_emit
    output_stream = self.task_producer.emit(output_task_data)
  File "C:\Users\Marcin\Agat_IT\gotowe_moduly\onyks_owl\owl\task.py", line 52, in emit
    self.redis.rpush(f"owl:task_queue:{self.task_queue}", json.dumps(task))
  File "c:\users\marcin\appdata\local\programs\python\python39\lib\site-packages\redis\client.py", line 2016, in rpush
    return self.execute_command('RPUSH', name, *values)
  File "c:\users\marcin\appdata\local\programs\python\python39\lib\site-packages\redis\client.py", line 901, in execute_command
    return self.parse_response(conn, command_name, **options)
  File "c:\users\marcin\appdata\local\programs\python\python39\lib\site-packages\redis\client.py", line 915, in parse_response
    response = connection.read_response()
  File "c:\users\marcin\appdata\local\programs\python\python39\lib\site-packages\redis\connection.py", line 756, in read_response
    raise response
