2021-06-10 13:00:52,289 INFO process group added: 'process_find'
2021-06-10 13:00:52,289 INFO process group added: 'source'
2021-06-10 13:00:52,329 INFO RPC interface 'supervisor' initialized
2021-06-10 13:00:52,329 CRIT Server 'inet_http_server' running without any HTTP authentication checking
2021-06-10 13:00:52,338 INFO supervisord started with pid 24144
2021-06-10 13:00:52,857 INFO Spawned: 'find_0' with pid 11860
2021-06-10 13:00:52,883 INFO Spawned: 'dshow_0' with pid 15984
2021-06-10 13:00:53,904 INFO success: find_0 entered RUNNING state, process has stayed up for > than 1 seconds (startsecs)
2021-06-10 13:00:53,904 INFO success: dshow_0 entered RUNNING state, process has stayed up for > than 1 seconds (startsecs)
2021-06-10 13:08:46,845 INFO process group added: 'process_find'
2021-06-10 13:08:46,853 INFO process group added: 'source'
2021-06-10 13:08:46,905 INFO RPC interface 'supervisor' initialized
2021-06-10 13:08:46,905 CRIT Server 'inet_http_server' running without any HTTP authentication checking
2021-06-10 13:08:46,905 INFO supervisord started with pid 3360
2021-06-10 13:08:47,423 INFO Spawned: 'find_0' with pid 16388
2021-06-10 13:08:47,439 INFO Spawned: 'dshow_0' with pid 11668
2021-06-10 13:08:48,472 INFO success: find_0 entered RUNNING state, process has stayed up for > than 1 seconds (startsecs)
2021-06-10 13:08:48,472 INFO success: dshow_0 entered RUNNING state, process has stayed up for > than 1 seconds (startsecs)
2021-06-10 13:08:54,574 WARN received SIGINT indicating exit request
2021-06-10 13:08:55,073 INFO waiting for find_0, dshow_0 to die
2021-06-10 13:08:55,592 INFO stopped: dshow_0 (exit status 1)
2021-06-10 13:08:55,592 WARN received SIGINT indicating exit request
2021-06-10 13:08:56,597 INFO stopped: find_0 (exit status 1)
2021-06-10 13:08:56,597 WARN received SIGINT indicating exit request
2021-06-10 13:08:57,102 INFO exit now...
2021-06-10 13:12:18,699 INFO process group added: 'process_find'
2021-06-10 13:12:18,699 INFO process group added: 'source'
2021-06-10 13:12:18,761 INFO RPC interface 'supervisor' initialized
2021-06-10 13:12:18,765 CRIT Server 'inet_http_server' running without any HTTP authentication checking
2021-06-10 13:12:18,770 INFO supervisord started with pid 3060
2021-06-10 13:12:19,285 INFO Spawned: 'find_0' with pid 13964
2021-06-10 13:12:19,308 INFO Spawned: 'dshow_0' with pid 23676
2021-06-10 13:12:20,326 INFO success: find_0 entered RUNNING state, process has stayed up for > than 1 seconds (startsecs)
2021-06-10 13:12:20,326 INFO success: dshow_0 entered RUNNING state, process has stayed up for > than 1 seconds (startsecs)
