2021-05-25 14:06:05,019 INFO process group added: 'sink'
2021-05-25 14:06:05,020 INFO process group added: 'source'
2021-05-25 14:06:05,044 INFO RPC interface 'supervisor' initialized
2021-05-25 14:06:05,044 CRIT Server 'inet_http_server' running without any HTTP authentication checking
2021-05-25 14:06:05,045 INFO supervisord started with pid 19948
2021-05-25 14:06:05,559 INFO Spawned: 'ak_view_0' with pid 20808
2021-05-25 14:06:05,570 INFO Spawned: 'ak_view_1' with pid 18820
2021-05-25 14:06:05,581 INFO Spawned: 'ak_source_0' with pid 15748
2021-05-25 14:06:06,596 INFO success: ak_view_0 entered RUNNING state, process has stayed up for > than 1 seconds (startsecs)
2021-05-25 14:06:06,597 INFO success: ak_view_1 entered RUNNING state, process has stayed up for > than 1 seconds (startsecs)
2021-05-25 14:06:06,598 INFO success: ak_source_0 entered RUNNING state, process has stayed up for > than 1 seconds (startsecs)
2021-05-25 14:06:09,681 WARN received SIGINT indicating exit request
2021-05-25 14:06:10,187 INFO waiting for ak_view_0, ak_view_1, ak_source_0 to die
2021-05-25 14:06:10,691 INFO stopped: ak_source_0 (exit status 1)
2021-05-25 14:06:10,694 WARN received SIGINT indicating exit request
2021-05-25 14:06:11,708 INFO stopped: ak_view_0 (exit status 1)
2021-05-25 14:06:11,709 INFO stopped: ak_view_1 (exit status 1)
2021-05-25 14:06:11,709 WARN received SIGINT indicating exit request
2021-05-25 14:06:12,225 INFO exit now...
2021-05-25 14:06:23,922 INFO process group added: 'sink'
2021-05-25 14:06:23,922 INFO process group added: 'source'
2021-05-25 14:06:23,941 INFO RPC interface 'supervisor' initialized
2021-05-25 14:06:23,941 CRIT Server 'inet_http_server' running without any HTTP authentication checking
2021-05-25 14:06:23,943 INFO supervisord started with pid 20488
2021-05-25 14:06:24,475 INFO Spawned: 'ak_view_0' with pid 5024
2021-05-25 14:06:24,500 INFO Spawned: 'ak_view_1' with pid 17788
2021-05-25 14:06:24,524 INFO Spawned: 'ak_source_0' with pid 20240
2021-05-25 14:06:25,547 INFO success: ak_view_0 entered RUNNING state, process has stayed up for > than 1 seconds (startsecs)
2021-05-25 14:06:25,547 INFO success: ak_view_1 entered RUNNING state, process has stayed up for > than 1 seconds (startsecs)
2021-05-25 14:06:25,548 INFO success: ak_source_0 entered RUNNING state, process has stayed up for > than 1 seconds (startsecs)
2021-05-25 14:08:31,201 INFO process group added: 'sink'
2021-05-25 14:08:31,201 INFO process group added: 'source'
2021-05-25 14:08:31,219 INFO RPC interface 'supervisor' initialized
2021-05-25 14:08:31,219 CRIT Server 'inet_http_server' running without any HTTP authentication checking
2021-05-25 14:08:31,221 INFO supervisord started with pid 3116
2021-05-25 14:08:31,747 INFO Spawned: 'ak_view_0' with pid 13544
2021-05-25 14:08:31,771 INFO Spawned: 'ak_view_1' with pid 15788
2021-05-25 14:08:31,810 INFO Spawned: 'ak_source_0' with pid 1560
2021-05-25 14:08:32,825 INFO success: ak_view_0 entered RUNNING state, process has stayed up for > than 1 seconds (startsecs)
2021-05-25 14:08:32,825 INFO success: ak_view_1 entered RUNNING state, process has stayed up for > than 1 seconds (startsecs)
2021-05-25 14:08:32,826 INFO success: ak_source_0 entered RUNNING state, process has stayed up for > than 1 seconds (startsecs)
2021-05-28 08:22:22,160 INFO process group added: 'sink'
2021-05-28 08:22:22,170 INFO process group added: 'source'
2021-05-28 08:22:22,263 INFO RPC interface 'supervisor' initialized
2021-05-28 08:22:22,263 CRIT Server 'inet_http_server' running without any HTTP authentication checking
2021-05-28 08:22:22,266 INFO supervisord started with pid 24204
2021-05-28 08:22:22,786 INFO Spawned: 'ak_view_0' with pid 2072
2021-05-28 08:22:22,798 INFO Spawned: 'ak_view_1' with pid 19400
2021-05-28 08:22:22,808 INFO Spawned: 'ak_source_0' with pid 15932
2021-05-28 08:22:23,826 INFO success: ak_view_0 entered RUNNING state, process has stayed up for > than 1 seconds (startsecs)
2021-05-28 08:22:23,826 INFO success: ak_view_1 entered RUNNING state, process has stayed up for > than 1 seconds (startsecs)
2021-05-28 08:22:23,827 INFO success: ak_source_0 entered RUNNING state, process has stayed up for > than 1 seconds (startsecs)
2021-05-28 08:23:00,516 INFO process group added: 'sink'
2021-05-28 08:23:00,517 INFO process group added: 'source'
2021-05-28 08:23:00,535 INFO RPC interface 'supervisor' initialized
2021-05-28 08:23:00,536 CRIT Server 'inet_http_server' running without any HTTP authentication checking
2021-05-28 08:23:00,537 INFO supervisord started with pid 17372
2021-05-28 08:23:01,048 INFO Spawned: 'ak_view_0' with pid 1816
2021-05-28 08:23:01,119 INFO Spawned: 'ak_view_1' with pid 21296
2021-05-28 08:23:01,130 INFO Spawned: 'ak_source_0' with pid 5560
2021-05-28 08:23:02,147 INFO success: ak_view_0 entered RUNNING state, process has stayed up for > than 1 seconds (startsecs)
2021-05-28 08:23:02,147 INFO success: ak_view_1 entered RUNNING state, process has stayed up for > than 1 seconds (startsecs)
2021-05-28 08:23:02,147 INFO success: ak_source_0 entered RUNNING state, process has stayed up for > than 1 seconds (startsecs)
2021-05-28 08:25:27,748 INFO process group added: 'sink'
2021-05-28 08:25:27,749 INFO process group added: 'source'
2021-05-28 08:25:27,768 INFO RPC interface 'supervisor' initialized
2021-05-28 08:25:27,768 CRIT Server 'inet_http_server' running without any HTTP authentication checking
2021-05-28 08:25:27,769 INFO supervisord started with pid 19680
2021-05-28 08:25:28,282 INFO Spawned: 'ak_view_0' with pid 6004
2021-05-28 08:25:28,293 INFO Spawned: 'ak_view_1' with pid 19180
2021-05-28 08:25:28,304 INFO Spawned: 'ak_source_0' with pid 10136
2021-05-28 08:25:29,317 INFO success: ak_view_0 entered RUNNING state, process has stayed up for > than 1 seconds (startsecs)
2021-05-28 08:25:29,317 INFO success: ak_view_1 entered RUNNING state, process has stayed up for > than 1 seconds (startsecs)
2021-05-28 08:25:29,318 INFO success: ak_source_0 entered RUNNING state, process has stayed up for > than 1 seconds (startsecs)
2021-05-28 08:26:39,551 INFO process group added: 'sink'
2021-05-28 08:26:39,552 INFO process group added: 'source'
2021-05-28 08:26:39,571 INFO RPC interface 'supervisor' initialized
2021-05-28 08:26:39,571 CRIT Server 'inet_http_server' running without any HTTP authentication checking
2021-05-28 08:26:39,572 INFO supervisord started with pid 15408
2021-05-28 08:26:40,083 INFO Spawned: 'ak_view_0' with pid 22576
2021-05-28 08:26:40,094 INFO Spawned: 'ak_view_1' with pid 19688
2021-05-28 08:26:40,105 INFO Spawned: 'ak_source_0' with pid 19164
2021-05-28 08:26:41,111 INFO success: ak_view_0 entered RUNNING state, process has stayed up for > than 1 seconds (startsecs)
2021-05-28 08:26:41,111 INFO success: ak_view_1 entered RUNNING state, process has stayed up for > than 1 seconds (startsecs)
2021-05-28 08:26:41,111 INFO success: ak_source_0 entered RUNNING state, process has stayed up for > than 1 seconds (startsecs)
2021-05-28 08:33:09,532 INFO process group added: 'sink'
2021-05-28 08:33:09,533 INFO process group added: 'source'
2021-05-28 08:33:09,551 INFO RPC interface 'supervisor' initialized
2021-05-28 08:33:09,551 CRIT Server 'inet_http_server' running without any HTTP authentication checking
2021-05-28 08:33:09,553 INFO supervisord started with pid 21172
2021-05-28 08:33:10,076 INFO Spawned: 'ak_view_0' with pid 18532
2021-05-28 08:33:10,086 INFO Spawned: 'ak_view_1' with pid 13716
2021-05-28 08:33:10,097 INFO Spawned: 'ak_source_0' with pid 20580
2021-05-28 08:33:11,122 INFO success: ak_view_0 entered RUNNING state, process has stayed up for > than 1 seconds (startsecs)
2021-05-28 08:33:11,122 INFO success: ak_view_1 entered RUNNING state, process has stayed up for > than 1 seconds (startsecs)
2021-05-28 08:33:11,123 INFO success: ak_source_0 entered RUNNING state, process has stayed up for > than 1 seconds (startsecs)
2021-05-28 09:17:00,078 INFO process group added: 'sink'
2021-05-28 09:17:00,079 INFO process group added: 'source'
2021-05-28 09:17:00,098 INFO RPC interface 'supervisor' initialized
2021-05-28 09:17:00,098 CRIT Server 'inet_http_server' running without any HTTP authentication checking
2021-05-28 09:17:00,099 INFO supervisord started with pid 5764
2021-05-28 09:17:00,614 INFO Spawned: 'receive_stream_sink.py0' with pid 1804
2021-05-28 09:17:00,626 INFO Spawned: 'receive_stream_sink.py1' with pid 9384
2021-05-28 09:17:00,641 INFO Spawned: 'continous_stream_source0' with pid 17360
2021-05-28 09:17:01,661 INFO success: receive_stream_sink.py0 entered RUNNING state, process has stayed up for > than 1 seconds (startsecs)
2021-05-28 09:17:01,661 INFO success: receive_stream_sink.py1 entered RUNNING state, process has stayed up for > than 1 seconds (startsecs)
2021-05-28 09:17:01,662 INFO success: continous_stream_source0 entered RUNNING state, process has stayed up for > than 1 seconds (startsecs)
2021-05-28 09:22:06,115 INFO process group added: 'sink'
2021-05-28 09:22:06,116 INFO process group added: 'source'
2021-05-28 09:22:06,133 INFO RPC interface 'supervisor' initialized
2021-05-28 09:22:06,133 CRIT Server 'inet_http_server' running without any HTTP authentication checking
2021-05-28 09:22:06,134 INFO supervisord started with pid 7376
2021-05-28 09:22:06,657 INFO Spawned: 'stream_sink.py0' with pid 18260
2021-05-28 09:22:06,668 INFO Spawned: 'stream_sink.py1' with pid 3916
2021-05-28 09:22:06,704 INFO Spawned: 'stream_source0' with pid 5000
2021-05-28 09:22:07,716 INFO success: stream_sink.py0 entered RUNNING state, process has stayed up for > than 1 seconds (startsecs)
2021-05-28 09:22:07,716 INFO success: stream_sink.py1 entered RUNNING state, process has stayed up for > than 1 seconds (startsecs)
2021-05-28 09:22:07,718 INFO success: stream_source0 entered RUNNING state, process has stayed up for > than 1 seconds (startsecs)
2021-05-28 09:29:09,852 INFO process group added: 'sink'
2021-05-28 09:29:09,853 INFO process group added: 'source'
2021-05-28 09:29:09,871 INFO RPC interface 'supervisor' initialized
2021-05-28 09:29:09,872 CRIT Server 'inet_http_server' running without any HTTP authentication checking
2021-05-28 09:29:09,873 INFO supervisord started with pid 2948
2021-05-28 09:29:10,395 INFO Spawned: 'stream_sink.py0' with pid 23956
2021-05-28 09:29:10,406 INFO Spawned: 'stream_source0' with pid 18044
2021-05-28 09:29:11,416 INFO success: stream_sink.py0 entered RUNNING state, process has stayed up for > than 1 seconds (startsecs)
2021-05-28 09:29:11,417 INFO success: stream_source0 entered RUNNING state, process has stayed up for > than 1 seconds (startsecs)
2021-05-28 09:36:58,224 INFO process group added: 'sink'
2021-05-28 09:36:58,225 INFO process group added: 'source'
2021-05-28 09:36:58,243 INFO RPC interface 'supervisor' initialized
2021-05-28 09:36:58,244 CRIT Server 'inet_http_server' running without any HTTP authentication checking
2021-05-28 09:36:58,244 INFO supervisord started with pid 18860
2021-05-28 09:36:58,760 INFO Spawned: 'stream_sink.py0' with pid 10572
2021-05-28 09:36:58,771 INFO Spawned: 'stream_source0' with pid 1552
2021-05-28 09:36:59,797 INFO success: stream_sink.py0 entered RUNNING state, process has stayed up for > than 1 seconds (startsecs)
2021-05-28 09:36:59,797 INFO success: stream_source0 entered RUNNING state, process has stayed up for > than 1 seconds (startsecs)
2021-05-28 09:39:33,552 INFO process group added: 'sink'
2021-05-28 09:39:33,553 INFO process group added: 'source'
2021-05-28 09:39:33,570 INFO RPC interface 'supervisor' initialized
2021-05-28 09:39:33,571 CRIT Server 'inet_http_server' running without any HTTP authentication checking
2021-05-28 09:39:33,572 INFO supervisord started with pid 8220
2021-05-28 09:39:34,097 INFO Spawned: 'stream_sink.py0' with pid 13408
2021-05-28 09:39:34,109 INFO Spawned: 'stream_source0' with pid 15900
2021-05-28 09:39:35,139 INFO success: stream_sink.py0 entered RUNNING state, process has stayed up for > than 1 seconds (startsecs)
2021-05-28 09:39:35,139 INFO success: stream_source0 entered RUNNING state, process has stayed up for > than 1 seconds (startsecs)
2021-05-28 09:41:29,831 INFO process group added: 'sink'
2021-05-28 09:41:29,832 INFO process group added: 'source'
2021-05-28 09:41:29,850 INFO RPC interface 'supervisor' initialized
2021-05-28 09:41:29,850 CRIT Server 'inet_http_server' running without any HTTP authentication checking
2021-05-28 09:41:29,851 INFO supervisord started with pid 15300
2021-05-28 09:41:30,373 INFO Spawned: 'stream_sink.py0' with pid 15956
2021-05-28 09:41:30,384 INFO Spawned: 'stream_source0' with pid 1992
2021-05-28 09:41:31,412 INFO success: stream_sink.py0 entered RUNNING state, process has stayed up for > than 1 seconds (startsecs)
2021-05-28 09:41:31,412 INFO success: stream_source0 entered RUNNING state, process has stayed up for > than 1 seconds (startsecs)
