2021-06-10 12:15:28 INFO module_sink_win started.
2021-06-10 12:15:28 INFO config file: C:\Users\Marcin\Agat It\gotowe_moduly\onyks_owl\examples\camera_view/config.json section module_sink_win
2021-06-10 12:15:32 INFO task received: {'stream_names': {'color': 'stage1:08c01a4ad5404b7289995264390436c5:color', 'metrics': 'stage1:08c01a4ad5404b7289995264390436c5:metrics'}, 'task_data': {}}
2021-06-10 12:16:23 INFO module_sink_win started.
2021-06-10 12:16:23 INFO config file: C:\Users\Marcin\Agat It\gotowe_moduly\onyks_owl\examples\camera_view/config.json section module_sink_win
2021-06-10 12:16:34 INFO Nothing in task queue
2021-06-10 12:16:44 INFO Nothing in task queue
2021-06-10 12:16:54 INFO Nothing in task queue
2021-06-10 12:17:04 INFO Nothing in task queue
2021-06-10 12:17:14 INFO Nothing in task queue
2021-06-10 12:17:24 INFO Nothing in task queue
2021-06-10 12:17:34 INFO Nothing in task queue
2021-06-10 12:17:44 INFO Nothing in task queue
2021-06-10 12:17:54 INFO Nothing in task queue
2021-06-10 12:18:04 INFO Nothing in task queue
2021-06-10 12:18:14 INFO Nothing in task queue
2021-06-10 12:18:24 INFO Nothing in task queue
2021-06-10 12:18:34 INFO Nothing in task queue
2021-06-10 12:18:44 INFO Nothing in task queue
2021-06-10 12:18:54 INFO Nothing in task queue
2021-06-10 12:19:04 INFO Nothing in task queue
2021-06-10 12:19:14 INFO Nothing in task queue
2021-06-10 12:19:24 INFO Nothing in task queue
2021-06-10 12:19:34 INFO Nothing in task queue
2021-06-10 12:19:45 INFO Nothing in task queue
2021-06-10 12:19:55 INFO Nothing in task queue
2021-06-10 12:20:05 INFO Nothing in task queue
2021-06-10 12:20:15 INFO Nothing in task queue
2021-06-10 12:20:25 INFO Nothing in task queue
2021-06-10 12:20:35 INFO Nothing in task queue
2021-06-10 12:20:45 INFO Nothing in task queue
2021-06-10 12:20:55 INFO Nothing in task queue
2021-06-10 12:21:05 INFO Nothing in task queue
2021-06-10 12:21:15 INFO Nothing in task queue
2021-06-10 12:21:25 INFO Nothing in task queue
2021-06-10 12:21:35 INFO Nothing in task queue
2021-06-10 12:21:45 INFO Nothing in task queue
2021-06-10 12:21:55 INFO Nothing in task queue
2021-06-10 12:22:06 INFO Nothing in task queue
2021-06-10 12:22:06 ERROR module_sink_win runOnce error: MISCONF Redis is configured to save RDB snapshots, but is currently not able to persist on disk. Commands that may modify the data set are disabled. Please check Redis logs for details about the error.
None
2021-06-10 12:22:07 ERROR module_sink_win runOnce error: MISCONF Redis is configured to save RDB snapshots, but is currently not able to persist on disk. Commands that may modify the data set are disabled. Please check Redis logs for details about the error.
None
2021-06-10 12:22:08 ERROR module_sink_win runOnce error: MISCONF Redis is configured to save RDB snapshots, but is currently not able to persist on disk. Commands that may modify the data set are disabled. Please check Redis logs for details about the error.
None
2021-06-10 12:22:09 ERROR module_sink_win runOnce error: MISCONF Redis is configured to save RDB snapshots, but is currently not able to persist on disk. Commands that may modify the data set are disabled. Please check Redis logs for details about the error.
None
2021-06-10 12:22:10 ERROR module_sink_win runOnce error: MISCONF Redis is configured to save RDB snapshots, but is currently not able to persist on disk. Commands that may modify the data set are disabled. Please check Redis logs for details about the error.
None
2021-06-10 12:22:11 ERROR module_sink_win runOnce error: MISCONF Redis is configured to save RDB snapshots, but is currently not able to persist on disk. Commands that may modify the data set are disabled. Please check Redis logs for details about the error.
None
2021-06-10 12:22:12 ERROR module_sink_win runOnce error: MISCONF Redis is configured to save RDB snapshots, but is currently not able to persist on disk. Commands that may modify the data set are disabled. Please check Redis logs for details about the error.
None
2021-06-10 12:22:13 ERROR module_sink_win runOnce error: MISCONF Redis is configured to save RDB snapshots, but is currently not able to persist on disk. Commands that may modify the data set are disabled. Please check Redis logs for details about the error.
None
2021-06-10 12:22:14 ERROR module_sink_win runOnce error: MISCONF Redis is configured to save RDB snapshots, but is currently not able to persist on disk. Commands that may modify the data set are disabled. Please check Redis logs for details about the error.
None
2021-06-10 12:22:15 ERROR module_sink_win runOnce error: MISCONF Redis is configured to save RDB snapshots, but is currently not able to persist on disk. Commands that may modify the data set are disabled. Please check Redis logs for details about the error.
None
2021-06-10 12:22:16 ERROR module_sink_win runOnce error: MISCONF Redis is configured to save RDB snapshots, but is currently not able to persist on disk. Commands that may modify the data set are disabled. Please check Redis logs for details about the error.
None
2021-06-10 12:22:17 ERROR module_sink_win runOnce error: MISCONF Redis is configured to save RDB snapshots, but is currently not able to persist on disk. Commands that may modify the data set are disabled. Please check Redis logs for details about the error.
None
2021-06-10 12:22:19 ERROR module_sink_win runOnce error: MISCONF Redis is configured to save RDB snapshots, but is currently not able to persist on disk. Commands that may modify the data set are disabled. Please check Redis logs for details about the error.
None
2021-06-10 12:22:20 ERROR module_sink_win runOnce error: MISCONF Redis is configured to save RDB snapshots, but is currently not able to persist on disk. Commands that may modify the data set are disabled. Please check Redis logs for details about the error.
None
2021-06-10 12:22:24 INFO task received: {'stream_names': {'color': 'stage1:a22d3618d0b945e5a479cbdf571fa600:color', 'metrics': 'stage1:a22d3618d0b945e5a479cbdf571fa600:metrics'}, 'task_data': {}}
